<?xml version="1.0" encoding="UTF-8"?>
<!-- Generated by org.testng.reporters.JUnitXMLReporter -->
<testsuite hostname="rayaan" failures="0" tests="6" name="Xeneta_Media_Resources" time="85.689" errors="0" timestamp="3 Dec 2018 02:02:05 GMT">
  <testcase classname="demotests.XenetaMediaResourcesPage" name="testTakeScreenshot" time="1.046"/>
  <testcase classname="demotests.XenetaMediaResourcesPage" name="testOpenWebPage" time="0.413"/>
  <testcase classname="demotests.XenetaMediaResourcesPage" name="testScrollWebPage" time="0.046"/>
  <testcase classname="demotests.XenetaMediaResourcesPage" name="testLanguage" time="3.332"/>
  <testcase classname="demotests.XenetaMediaResourcesPage" name="testImageThumbnail" time="2.1"/>
  <testcase classname="demotests.XenetaMediaResourcesPage" name="testDownload" time="0.925"/>
</testsuite> <!-- Xeneta_Media_Resources -->
