<?xml version="1.0" encoding="UTF-8"?>
<testng-results total="12" passed="11" failed="1" skipped="0">
  <reporter-output>
    <line>
      <![CDATA[Element/Error not found in page: Unable to locate element: {"method":"xpath","selector":"//u1[@role=\"alert\"]"}
Command duration or timeout: 19 milliseconds
For documentation on this error, please visit: http://seleniumhq.org/exceptions/no_such_element.html
Build info: version: '2.53.1', revision: 'a36b8b1', time: '2016-06-30 17:32:46'
System info: host: 'rayaan', ip: '192.168.1.4', os.name: 'Windows 10', os.arch: 'amd64', os.version: '10.0', java.version: '11.0.1'
Driver info: org.openqa.selenium.firefox.FirefoxDriver
Capabilities [{applicationCacheEnabled=true, rotatable=false, handlesAlerts=true, databaseEnabled=true, version=45.0, platform=WINDOWS, nativeEvents=false, acceptSslCerts=true, webStorageEnabled=true, locationContextEnabled=true, browserName=firefox, takesScreenshot=true, javascriptEnabled=true, cssSelectorsEnabled=true}]
Session ID: 94495218-d0ae-446d-bd29-e17035705874
*** Element info: {Using=xpath, value=//u1[@role="alert"]}]]>
    </line>
  </reporter-output>
  <suite started-at="2018-12-03T01:59:11Z" name="Default suite" finished-at="2018-12-03T02:02:05Z" duration-ms="174227">
    <groups>
    </groups>
    <test started-at="2018-12-03T01:59:11Z" name="Xeneta_Request_Demo" finished-at="2018-12-03T02:00:40Z" duration-ms="88447">
      <class name="demotests.XenetaRequestDemoPage">
        <test-method is-config="true" signature="initDriver(java.lang.String)[pri:0, instance:demotests.XenetaRequestDemoPage@477b4cdf]" started-at="2018-12-03T07:29:11Z" name="initDriver" finished-at="2018-12-03T07:29:26Z" duration-ms="14530" status="PASS">
          <params>
            <param index="0">
              <value>
                <![CDATA[https://www.xeneta.com/test-request-xeneta-demo]]>
              </value>
            </param>
          </params>
          <reporter-output>
          </reporter-output>
        </test-method> <!-- initDriver -->
        <test-method signature="testTakeScreenshot(java.lang.String)[pri:1, instance:demotests.XenetaRequestDemoPage@477b4cdf]" started-at="2018-12-03T07:29:26Z" name="testTakeScreenshot" finished-at="2018-12-03T07:29:27Z" duration-ms="1000" status="PASS">
          <params>
            <param index="0">
              <value>
                <![CDATA[c:/xeneta/xenetademo/snapshots/]]>
              </value>
            </param>
          </params>
          <reporter-output>
          </reporter-output>
        </test-method> <!-- testTakeScreenshot -->
        <test-method is-config="true" signature="cleanup()[pri:0, instance:demotests.XenetaRequestDemoPage@477b4cdf]" started-at="2018-12-03T07:29:27Z" name="cleanup" finished-at="2018-12-03T07:29:27Z" duration-ms="14" status="PASS">
          <reporter-output>
          </reporter-output>
        </test-method> <!-- cleanup -->
        <test-method is-config="true" signature="initDriver(java.lang.String)[pri:0, instance:demotests.XenetaRequestDemoPage@477b4cdf]" started-at="2018-12-03T07:29:27Z" name="initDriver" finished-at="2018-12-03T07:29:40Z" duration-ms="13410" status="PASS">
          <params>
            <param index="0">
              <value>
                <![CDATA[https://www.xeneta.com/test-request-xeneta-demo]]>
              </value>
            </param>
          </params>
          <reporter-output>
          </reporter-output>
        </test-method> <!-- initDriver -->
        <test-method signature="testFillForm(java.lang.String)[pri:2, instance:demotests.XenetaRequestDemoPage@477b4cdf]" started-at="2018-12-03T07:29:40Z" name="testFillForm" finished-at="2018-12-03T07:29:42Z" duration-ms="1714" status="PASS">
          <params>
            <param index="0">
              <value>
                <![CDATA[Mirinda]]>
              </value>
            </param>
          </params>
          <reporter-output>
          </reporter-output>
        </test-method> <!-- testFillForm -->
        <test-method is-config="true" signature="cleanup()[pri:0, instance:demotests.XenetaRequestDemoPage@477b4cdf]" started-at="2018-12-03T07:29:42Z" name="cleanup" finished-at="2018-12-03T07:29:42Z" duration-ms="18" status="PASS">
          <reporter-output>
          </reporter-output>
        </test-method> <!-- cleanup -->
        <test-method is-config="true" signature="initDriver(java.lang.String)[pri:0, instance:demotests.XenetaRequestDemoPage@477b4cdf]" started-at="2018-12-03T07:29:42Z" name="initDriver" finished-at="2018-12-03T07:29:54Z" duration-ms="12103" status="PASS">
          <params>
            <param index="0">
              <value>
                <![CDATA[https://www.xeneta.com/test-request-xeneta-demo]]>
              </value>
            </param>
          </params>
          <reporter-output>
          </reporter-output>
        </test-method> <!-- initDriver -->
        <test-method signature="testEmailField()[pri:3, instance:demotests.XenetaRequestDemoPage@477b4cdf]" started-at="2018-12-03T07:29:54Z" name="testEmailField" finished-at="2018-12-03T07:29:55Z" duration-ms="869" status="PASS">
          <reporter-output>
          </reporter-output>
        </test-method> <!-- testEmailField -->
        <test-method is-config="true" signature="cleanup()[pri:0, instance:demotests.XenetaRequestDemoPage@477b4cdf]" started-at="2018-12-03T07:29:55Z" name="cleanup" finished-at="2018-12-03T07:29:55Z" duration-ms="12" status="PASS">
          <reporter-output>
          </reporter-output>
        </test-method> <!-- cleanup -->
        <test-method is-config="true" signature="initDriver(java.lang.String)[pri:0, instance:demotests.XenetaRequestDemoPage@477b4cdf]" started-at="2018-12-03T07:29:55Z" name="initDriver" finished-at="2018-12-03T07:30:07Z" duration-ms="12443" status="PASS">
          <params>
            <param index="0">
              <value>
                <![CDATA[https://www.xeneta.com/test-request-xeneta-demo]]>
              </value>
            </param>
          </params>
          <reporter-output>
          </reporter-output>
        </test-method> <!-- initDriver -->
        <test-method signature="testRequestDemo(java.lang.String, java.lang.String, java.lang.String, java.lang.String, java.lang.String, java.lang.String)[pri:4, instance:demotests.XenetaRequestDemoPage@477b4cdf]" started-at="2018-12-03T07:30:07Z" name="testRequestDemo" finished-at="2018-12-03T07:30:11Z" duration-ms="3801" status="PASS">
          <params>
            <param index="0">
              <value>
                <![CDATA[Mirinda]]>
              </value>
            </param>
            <param index="1">
              <value>
                <![CDATA[Cooper]]>
              </value>
            </param>
            <param index="2">
              <value>
                <![CDATA[Xeneta]]>
              </value>
            </param>
            <param index="3">
              <value>
                <![CDATA[Sales Executive]]>
              </value>
            </param>
            <param index="4">
              <value>
                <![CDATA[mirinda@google.com]]>
              </value>
            </param>
            <param index="5">
              <value>
                <![CDATA[00478674830275]]>
              </value>
            </param>
          </params>
          <reporter-output>
          </reporter-output>
        </test-method> <!-- testRequestDemo -->
        <test-method is-config="true" signature="cleanup()[pri:0, instance:demotests.XenetaRequestDemoPage@477b4cdf]" started-at="2018-12-03T07:30:11Z" name="cleanup" finished-at="2018-12-03T07:30:11Z" duration-ms="14" status="PASS">
          <reporter-output>
          </reporter-output>
        </test-method> <!-- cleanup -->
        <test-method is-config="true" signature="initDriver(java.lang.String)[pri:0, instance:demotests.XenetaRequestDemoPage@477b4cdf]" started-at="2018-12-03T07:30:11Z" name="initDriver" finished-at="2018-12-03T07:30:23Z" duration-ms="12004" status="PASS">
          <params>
            <param index="0">
              <value>
                <![CDATA[https://www.xeneta.com/test-request-xeneta-demo]]>
              </value>
            </param>
          </params>
          <reporter-output>
          </reporter-output>
        </test-method> <!-- initDriver -->
        <test-method signature="testPlayVideo()[pri:5, instance:demotests.XenetaRequestDemoPage@477b4cdf]" started-at="2018-12-03T07:30:23Z" name="testPlayVideo" finished-at="2018-12-03T07:30:24Z" duration-ms="892" status="PASS">
          <reporter-output>
          </reporter-output>
        </test-method> <!-- testPlayVideo -->
        <test-method is-config="true" signature="cleanup()[pri:0, instance:demotests.XenetaRequestDemoPage@477b4cdf]" started-at="2018-12-03T07:30:24Z" name="cleanup" finished-at="2018-12-03T07:30:24Z" duration-ms="80" status="PASS">
          <reporter-output>
          </reporter-output>
        </test-method> <!-- cleanup -->
        <test-method is-config="true" signature="initDriver(java.lang.String)[pri:0, instance:demotests.XenetaRequestDemoPage@477b4cdf]" started-at="2018-12-03T07:30:24Z" name="initDriver" finished-at="2018-12-03T07:30:38Z" duration-ms="13685" status="PASS">
          <params>
            <param index="0">
              <value>
                <![CDATA[https://www.xeneta.com/test-request-xeneta-demo]]>
              </value>
            </param>
          </params>
          <reporter-output>
          </reporter-output>
        </test-method> <!-- initDriver -->
        <test-method signature="testPhoneField()[pri:6, instance:demotests.XenetaRequestDemoPage@477b4cdf]" started-at="2018-12-03T07:30:38Z" name="testPhoneField" finished-at="2018-12-03T07:30:38Z" duration-ms="688" status="FAIL">
          <exception class="java.lang.AssertionError">
            <message>
              <![CDATA[Element/Error not found in page: Unable to locate element: {"method":"xpath","selector":"//u1[@role=\"alert\"]"}
Command duration or timeout: 19 milliseconds
For documentation on this error, please visit: http://seleniumhq.org/exceptions/no_such_element.html
Build info: version: '2.53.1', revision: 'a36b8b1', time: '2016-06-30 17:32:46'
System info: host: 'rayaan', ip: '192.168.1.4', os.name: 'Windows 10', os.arch: 'amd64', os.version: '10.0', java.version: '11.0.1'
Driver info: org.openqa.selenium.firefox.FirefoxDriver
Capabilities [{applicationCacheEnabled=true, rotatable=false, handlesAlerts=true, databaseEnabled=true, version=45.0, platform=WINDOWS, nativeEvents=false, acceptSslCerts=true, webStorageEnabled=true, locationContextEnabled=true, browserName=firefox, takesScreenshot=true, javascriptEnabled=true, cssSelectorsEnabled=true}]
Session ID: 94495218-d0ae-446d-bd29-e17035705874
*** Element info: {Using=xpath, value=//u1[@role="alert"]}]]>
            </message>
            <full-stacktrace>
              <![CDATA[java.lang.AssertionError: Element/Error not found in page: Unable to locate element: {"method":"xpath","selector":"//u1[@role=\"alert\"]"}
Command duration or timeout: 19 milliseconds
For documentation on this error, please visit: http://seleniumhq.org/exceptions/no_such_element.html
Build info: version: '2.53.1', revision: 'a36b8b1', time: '2016-06-30 17:32:46'
System info: host: 'rayaan', ip: '192.168.1.4', os.name: 'Windows 10', os.arch: 'amd64', os.version: '10.0', java.version: '11.0.1'
Driver info: org.openqa.selenium.firefox.FirefoxDriver
Capabilities [{applicationCacheEnabled=true, rotatable=false, handlesAlerts=true, databaseEnabled=true, version=45.0, platform=WINDOWS, nativeEvents=false, acceptSslCerts=true, webStorageEnabled=true, locationContextEnabled=true, browserName=firefox, takesScreenshot=true, javascriptEnabled=true, cssSelectorsEnabled=true}]
Session ID: 94495218-d0ae-446d-bd29-e17035705874
*** Element info: {Using=xpath, value=//u1[@role="alert"]}
	at org.junit.Assert.fail(Assert.java:88)
	at org.junit.Assert.assertTrue(Assert.java:41)
	at demotests.XenetaRequestDemoPage.testPhoneField(XenetaRequestDemoPage.java:326)
	at java.base/jdk.internal.reflect.NativeMethodAccessorImpl.invoke0(Native Method)
	at java.base/jdk.internal.reflect.NativeMethodAccessorImpl.invoke(NativeMethodAccessorImpl.java:62)
	at java.base/jdk.internal.reflect.DelegatingMethodAccessorImpl.invoke(DelegatingMethodAccessorImpl.java:43)
	at java.base/java.lang.reflect.Method.invoke(Method.java:566)
	at org.testng.internal.MethodInvocationHelper.invokeMethod(MethodInvocationHelper.java:85)
	at org.testng.internal.Invoker.invokeMethod(Invoker.java:639)
	at org.testng.internal.Invoker.invokeTestMethod(Invoker.java:816)
	at org.testng.internal.Invoker.invokeTestMethods(Invoker.java:1124)
	at org.testng.internal.TestMethodWorker.invokeTestMethods(TestMethodWorker.java:125)
	at org.testng.internal.TestMethodWorker.run(TestMethodWorker.java:108)
	at org.testng.TestRunner.privateRun(TestRunner.java:774)
	at org.testng.TestRunner.run(TestRunner.java:624)
	at org.testng.SuiteRunner.runTest(SuiteRunner.java:359)
	at org.testng.SuiteRunner.runSequentially(SuiteRunner.java:354)
	at org.testng.SuiteRunner.privateRun(SuiteRunner.java:312)
	at org.testng.SuiteRunner.run(SuiteRunner.java:261)
	at org.testng.SuiteRunnerWorker.runSuite(SuiteRunnerWorker.java:52)
	at org.testng.SuiteRunnerWorker.run(SuiteRunnerWorker.java:86)
	at org.testng.TestNG.runSuitesSequentially(TestNG.java:1215)
	at org.testng.TestNG.runSuitesLocally(TestNG.java:1140)
	at org.testng.TestNG.run(TestNG.java:1048)
	at org.testng.remote.AbstractRemoteTestNG.run(AbstractRemoteTestNG.java:114)
	at org.testng.remote.RemoteTestNG.initAndRun(RemoteTestNG.java:251)
	at org.testng.remote.RemoteTestNG.main(RemoteTestNG.java:77)
]]>
            </full-stacktrace>
          </exception> <!-- java.lang.AssertionError -->
          <reporter-output>
            <line>
              <![CDATA[Element/Error not found in page: Unable to locate element: {"method":"xpath","selector":"//u1[@role=\"alert\"]"}
Command duration or timeout: 19 milliseconds
For documentation on this error, please visit: http://seleniumhq.org/exceptions/no_such_element.html
Build info: version: '2.53.1', revision: 'a36b8b1', time: '2016-06-30 17:32:46'
System info: host: 'rayaan', ip: '192.168.1.4', os.name: 'Windows 10', os.arch: 'amd64', os.version: '10.0', java.version: '11.0.1'
Driver info: org.openqa.selenium.firefox.FirefoxDriver
Capabilities [{applicationCacheEnabled=true, rotatable=false, handlesAlerts=true, databaseEnabled=true, version=45.0, platform=WINDOWS, nativeEvents=false, acceptSslCerts=true, webStorageEnabled=true, locationContextEnabled=true, browserName=firefox, takesScreenshot=true, javascriptEnabled=true, cssSelectorsEnabled=true}]
Session ID: 94495218-d0ae-446d-bd29-e17035705874
*** Element info: {Using=xpath, value=//u1[@role="alert"]}]]>
            </line>
          </reporter-output>
        </test-method> <!-- testPhoneField -->
        <test-method is-config="true" signature="cleanup()[pri:0, instance:demotests.XenetaRequestDemoPage@477b4cdf]" started-at="2018-12-03T07:30:38Z" name="cleanup" finished-at="2018-12-03T07:30:40Z" duration-ms="1141" status="PASS">
          <reporter-output>
          </reporter-output>
        </test-method> <!-- cleanup -->
      </class> <!-- demotests.XenetaRequestDemoPage -->
    </test> <!-- Xeneta_Request_Demo -->
    <test started-at="2018-12-03T02:00:40Z" name="Xeneta_Media_Resources" finished-at="2018-12-03T02:02:05Z" duration-ms="85689">
      <class name="demotests.XenetaMediaResourcesPage">
        <test-method is-config="true" signature="initDriver(java.lang.String)[pri:0, instance:demotests.XenetaMediaResourcesPage@b2c9a9c]" started-at="2018-12-03T07:30:40Z" name="initDriver" finished-at="2018-12-03T07:30:51Z" duration-ms="11841" status="PASS">
          <params>
            <param index="0">
              <value>
                <![CDATA[https://www.xeneta.com/media-resources]]>
              </value>
            </param>
          </params>
          <reporter-output>
          </reporter-output>
        </test-method> <!-- initDriver -->
        <test-method signature="testTakeScreenshot(java.lang.String)[pri:1, instance:demotests.XenetaMediaResourcesPage@b2c9a9c]" started-at="2018-12-03T07:30:51Z" name="testTakeScreenshot" finished-at="2018-12-03T07:30:52Z" duration-ms="1046" status="PASS">
          <params>
            <param index="0">
              <value>
                <![CDATA[c:/xeneta/xenetademo/snapshots/]]>
              </value>
            </param>
          </params>
          <reporter-output>
          </reporter-output>
        </test-method> <!-- testTakeScreenshot -->
        <test-method is-config="true" signature="cleanup()[pri:0, instance:demotests.XenetaMediaResourcesPage@b2c9a9c]" started-at="2018-12-03T07:30:52Z" name="cleanup" finished-at="2018-12-03T07:30:54Z" duration-ms="1043" status="PASS">
          <reporter-output>
          </reporter-output>
        </test-method> <!-- cleanup -->
        <test-method is-config="true" signature="initDriver(java.lang.String)[pri:0, instance:demotests.XenetaMediaResourcesPage@b2c9a9c]" started-at="2018-12-03T07:30:54Z" name="initDriver" finished-at="2018-12-03T07:31:07Z" duration-ms="13046" status="PASS">
          <params>
            <param index="0">
              <value>
                <![CDATA[https://www.xeneta.com/media-resources]]>
              </value>
            </param>
          </params>
          <reporter-output>
          </reporter-output>
        </test-method> <!-- initDriver -->
        <test-method signature="testOpenWebPage()[pri:2, instance:demotests.XenetaMediaResourcesPage@b2c9a9c]" started-at="2018-12-03T07:31:07Z" name="testOpenWebPage" finished-at="2018-12-03T07:31:07Z" duration-ms="413" status="PASS">
          <reporter-output>
          </reporter-output>
        </test-method> <!-- testOpenWebPage -->
        <test-method is-config="true" signature="cleanup()[pri:0, instance:demotests.XenetaMediaResourcesPage@b2c9a9c]" started-at="2018-12-03T07:31:07Z" name="cleanup" finished-at="2018-12-03T07:31:08Z" duration-ms="1190" status="PASS">
          <reporter-output>
          </reporter-output>
        </test-method> <!-- cleanup -->
        <test-method is-config="true" signature="initDriver(java.lang.String)[pri:0, instance:demotests.XenetaMediaResourcesPage@b2c9a9c]" started-at="2018-12-03T07:31:08Z" name="initDriver" finished-at="2018-12-03T07:31:18Z" duration-ms="10305" status="PASS">
          <params>
            <param index="0">
              <value>
                <![CDATA[https://www.xeneta.com/media-resources]]>
              </value>
            </param>
          </params>
          <reporter-output>
          </reporter-output>
        </test-method> <!-- initDriver -->
        <test-method signature="testScrollWebPage()[pri:3, instance:demotests.XenetaMediaResourcesPage@b2c9a9c]" started-at="2018-12-03T07:31:18Z" name="testScrollWebPage" finished-at="2018-12-03T07:31:19Z" duration-ms="46" status="PASS">
          <reporter-output>
          </reporter-output>
        </test-method> <!-- testScrollWebPage -->
        <test-method is-config="true" signature="cleanup()[pri:0, instance:demotests.XenetaMediaResourcesPage@b2c9a9c]" started-at="2018-12-03T07:31:19Z" name="cleanup" finished-at="2018-12-03T07:31:19Z" duration-ms="795" status="PASS">
          <reporter-output>
          </reporter-output>
        </test-method> <!-- cleanup -->
        <test-method is-config="true" signature="initDriver(java.lang.String)[pri:0, instance:demotests.XenetaMediaResourcesPage@b2c9a9c]" started-at="2018-12-03T07:31:19Z" name="initDriver" finished-at="2018-12-03T07:31:30Z" duration-ms="10434" status="PASS">
          <params>
            <param index="0">
              <value>
                <![CDATA[https://www.xeneta.com/media-resources]]>
              </value>
            </param>
          </params>
          <reporter-output>
          </reporter-output>
        </test-method> <!-- initDriver -->
        <test-method signature="testLanguage(java.lang.String, java.lang.String)[pri:4, instance:demotests.XenetaMediaResourcesPage@b2c9a9c]" started-at="2018-12-03T07:31:30Z" name="testLanguage" finished-at="2018-12-03T07:31:33Z" duration-ms="3332" status="PASS">
          <params>
            <param index="0">
              <value>
                <![CDATA[Deutsch]]>
              </value>
            </param>
            <param index="1">
              <value>
                <![CDATA[Pressematerialien]]>
              </value>
            </param>
          </params>
          <reporter-output>
          </reporter-output>
        </test-method> <!-- testLanguage -->
        <test-method is-config="true" signature="cleanup()[pri:0, instance:demotests.XenetaMediaResourcesPage@b2c9a9c]" started-at="2018-12-03T07:31:33Z" name="cleanup" finished-at="2018-12-03T07:31:34Z" duration-ms="728" status="PASS">
          <reporter-output>
          </reporter-output>
        </test-method> <!-- cleanup -->
        <test-method is-config="true" signature="initDriver(java.lang.String)[pri:0, instance:demotests.XenetaMediaResourcesPage@b2c9a9c]" started-at="2018-12-03T07:31:34Z" name="initDriver" finished-at="2018-12-03T07:31:48Z" duration-ms="13689" status="PASS">
          <params>
            <param index="0">
              <value>
                <![CDATA[https://www.xeneta.com/media-resources]]>
              </value>
            </param>
          </params>
          <reporter-output>
          </reporter-output>
        </test-method> <!-- initDriver -->
        <test-method signature="testImageThumbnail()[pri:5, instance:demotests.XenetaMediaResourcesPage@b2c9a9c]" started-at="2018-12-03T07:31:48Z" name="testImageThumbnail" finished-at="2018-12-03T07:31:50Z" duration-ms="2100" status="PASS">
          <reporter-output>
          </reporter-output>
        </test-method> <!-- testImageThumbnail -->
        <test-method is-config="true" signature="cleanup()[pri:0, instance:demotests.XenetaMediaResourcesPage@b2c9a9c]" started-at="2018-12-03T07:31:50Z" name="cleanup" finished-at="2018-12-03T07:31:50Z" duration-ms="824" status="PASS">
          <reporter-output>
          </reporter-output>
        </test-method> <!-- cleanup -->
        <test-method is-config="true" signature="initDriver(java.lang.String)[pri:0, instance:demotests.XenetaMediaResourcesPage@b2c9a9c]" started-at="2018-12-03T07:31:50Z" name="initDriver" finished-at="2018-12-03T07:32:03Z" duration-ms="12876" status="PASS">
          <params>
            <param index="0">
              <value>
                <![CDATA[https://www.xeneta.com/media-resources]]>
              </value>
            </param>
          </params>
          <reporter-output>
          </reporter-output>
        </test-method> <!-- initDriver -->
        <test-method signature="testDownload(java.lang.String)[pri:6, instance:demotests.XenetaMediaResourcesPage@b2c9a9c]" started-at="2018-12-03T07:32:03Z" name="testDownload" finished-at="2018-12-03T07:32:04Z" duration-ms="925" status="PASS">
          <params>
            <param index="0">
              <value>
                <![CDATA[c:/xeneta/xenetademo/snapshots/]]>
              </value>
            </param>
          </params>
          <reporter-output>
          </reporter-output>
        </test-method> <!-- testDownload -->
        <test-method is-config="true" signature="cleanup()[pri:0, instance:demotests.XenetaMediaResourcesPage@b2c9a9c]" started-at="2018-12-03T07:32:04Z" name="cleanup" finished-at="2018-12-03T07:32:05Z" duration-ms="1041" status="PASS">
          <reporter-output>
          </reporter-output>
        </test-method> <!-- cleanup -->
      </class> <!-- demotests.XenetaMediaResourcesPage -->
    </test> <!-- Xeneta_Media_Resources -->
  </suite> <!-- Default suite -->
</testng-results>
